<?xml version="1.0" encoding="UTF-8"?>
<coverage generated="1690624760227" clover="3.2.0">
  <project timestamp="1690624760227" name="All files">
    <metrics statements="34" coveredstatements="34" conditionals="8" coveredconditionals="8" methods="2" coveredmethods="2" elements="44" coveredelements="44" complexity="0" loc="34" ncloc="34" packages="1" files="1" classes="1"/>
    <file name="use-outside-click.ts" path="/Users/jmpineiro/workspace/dev/leman/clearq/packages/core/src/hooks/use-outside-click.ts">
      <metrics statements="34" coveredstatements="34" conditionals="8" coveredconditionals="8" methods="2" coveredmethods="2"/>
      <line num="1" count="1" type="stmt"/>
      <line num="2" count="1" type="stmt"/>
      <line num="3" count="1" type="cond" truecount="1" falsecount="0"/>
      <line num="4" count="3" type="stmt"/>
      <line num="5" count="3" type="stmt"/>
      <line num="6" count="3" type="stmt"/>
      <line num="7" count="3" type="stmt"/>
      <line num="8" count="3" type="stmt"/>
      <line num="9" count="3" type="stmt"/>
      <line num="10" count="3" type="stmt"/>
      <line num="11" count="3" type="stmt"/>
      <line num="12" count="3" type="stmt"/>
      <line num="13" count="3" type="stmt"/>
      <line num="14" count="3" type="stmt"/>
      <line num="15" count="3" type="stmt"/>
      <line num="16" count="3" type="stmt"/>
      <line num="17" count="3" type="cond" truecount="1" falsecount="0"/>
      <line num="18" count="3" type="stmt"/>
      <line num="19" count="3" type="cond" truecount="1" falsecount="0"/>
      <line num="20" count="2" type="cond" truecount="2" falsecount="0"/>
      <line num="21" count="2" type="stmt"/>
      <line num="22" count="2" type="stmt"/>
      <line num="23" count="2" type="stmt"/>
      <line num="24" count="3" type="cond" truecount="1" falsecount="0"/>
      <line num="25" count="3" type="stmt"/>
      <line num="26" count="3" type="stmt"/>
      <line num="27" count="3" type="cond" truecount="1" falsecount="0"/>
      <line num="28" count="3" type="cond" truecount="1" falsecount="0"/>
      <line num="29" count="3" type="stmt"/>
      <line num="30" count="3" type="stmt"/>
      <line num="31" count="3" type="stmt"/>
      <line num="32" count="3" type="stmt"/>
      <line num="33" count="3" type="stmt"/>
      <line num="34" count="3" type="stmt"/>
    </file>
  </project>
</coverage>
