{"/Users/jmpineiro/workspace/dev/leman/clearq/packages/core/src/hooks/use-outside-click.ts": {"path":"/Users/jmpineiro/workspace/dev/leman/clearq/packages/core/src/hooks/use-outside-click.ts","all":false,"statementMap":{"0":{"start":{"line":1,"column":0},"end":{"line":1,"column":33}},"1":{"start":{"line":2,"column":0},"end":{"line":2,"column":0}},"2":{"start":{"line":3,"column":0},"end":{"line":3,"column":32}},"3":{"start":{"line":4,"column":0},"end":{"line":4,"column":48}},"4":{"start":{"line":5,"column":0},"end":{"line":5,"column":53}},"5":{"start":{"line":6,"column":0},"end":{"line":6,"column":3}},"6":{"start":{"line":7,"column":0},"end":{"line":7,"column":18}},"7":{"start":{"line":8,"column":0},"end":{"line":8,"column":52}},"8":{"start":{"line":9,"column":0},"end":{"line":9,"column":6}},"9":{"start":{"line":10,"column":0},"end":{"line":10,"column":20}},"10":{"start":{"line":11,"column":0},"end":{"line":11,"column":58}},"11":{"start":{"line":12,"column":0},"end":{"line":12,"column":7}},"12":{"start":{"line":13,"column":0},"end":{"line":13,"column":17}},"13":{"start":{"line":14,"column":0},"end":{"line":14,"column":51}},"14":{"start":{"line":15,"column":0},"end":{"line":15,"column":4}},"15":{"start":{"line":16,"column":0},"end":{"line":16,"column":3}},"16":{"start":{"line":17,"column":0},"end":{"line":17,"column":19}},"17":{"start":{"line":18,"column":0},"end":{"line":18,"column":17}},"18":{"start":{"line":19,"column":0},"end":{"line":19,"column":76}},"19":{"start":{"line":20,"column":0},"end":{"line":20,"column":98}},"20":{"start":{"line":21,"column":0},"end":{"line":21,"column":25}},"21":{"start":{"line":22,"column":0},"end":{"line":22,"column":9}},"22":{"start":{"line":23,"column":0},"end":{"line":23,"column":7}},"23":{"start":{"line":24,"column":0},"end":{"line":24,"column":37}},"24":{"start":{"line":25,"column":0},"end":{"line":25,"column":51}},"25":{"start":{"line":26,"column":0},"end":{"line":26,"column":8}},"26":{"start":{"line":27,"column":0},"end":{"line":27,"column":20}},"27":{"start":{"line":28,"column":0},"end":{"line":28,"column":39}},"28":{"start":{"line":29,"column":0},"end":{"line":29,"column":56}},"29":{"start":{"line":30,"column":0},"end":{"line":30,"column":10}},"30":{"start":{"line":31,"column":0},"end":{"line":31,"column":7}},"31":{"start":{"line":32,"column":0},"end":{"line":32,"column":5}},"32":{"start":{"line":33,"column":0},"end":{"line":33,"column":44}},"33":{"start":{"line":34,"column":0},"end":{"line":34,"column":1}}},"s":{"0":1,"1":1,"2":1,"3":3,"4":3,"5":3,"6":3,"7":3,"8":3,"9":3,"10":3,"11":3,"12":3,"13":3,"14":3,"15":3,"16":3,"17":3,"18":3,"19":2,"20":2,"21":2,"22":2,"23":3,"24":3,"25":3,"26":3,"27":3,"28":3,"29":3,"30":3,"31":3,"32":3,"33":3},"branchMap":{"0":{"type":"branch","line":3,"loc":{"start":{"line":3,"column":7},"end":{"line":34,"column":1}},"locations":[{"start":{"line":3,"column":7},"end":{"line":34,"column":1}}]},"1":{"type":"branch","line":17,"loc":{"start":{"line":17,"column":12},"end":{"line":33,"column":5}},"locations":[{"start":{"line":17,"column":12},"end":{"line":33,"column":5}}]},"2":{"type":"branch","line":19,"loc":{"start":{"line":19,"column":64},"end":{"line":23,"column":7}},"locations":[{"start":{"line":19,"column":64},"end":{"line":23,"column":7}}]},"3":{"type":"branch","line":20,"loc":{"start":{"line":20,"column":27},"end":{"line":20,"column":94}},"locations":[{"start":{"line":20,"column":27},"end":{"line":20,"column":94}}]},"4":{"type":"branch","line":20,"loc":{"start":{"line":20,"column":48},"end":{"line":20,"column":66}},"locations":[{"start":{"line":20,"column":48},"end":{"line":20,"column":66}}]},"5":{"type":"branch","line":24,"loc":{"start":{"line":24,"column":23},"end":{"line":26,"column":7}},"locations":[{"start":{"line":24,"column":23},"end":{"line":26,"column":7}}]},"6":{"type":"branch","line":27,"loc":{"start":{"line":27,"column":13},"end":{"line":31,"column":7}},"locations":[{"start":{"line":27,"column":13},"end":{"line":31,"column":7}}]},"7":{"type":"branch","line":28,"loc":{"start":{"line":28,"column":25},"end":{"line":30,"column":9}},"locations":[{"start":{"line":28,"column":25},"end":{"line":30,"column":9}}]}},"b":{"0":[3],"1":[3],"2":[2],"3":[4],"4":[2],"5":[3],"6":[3],"7":[3]},"fnMap":{"0":{"name":"useOutsideClick","decl":{"start":{"line":3,"column":7},"end":{"line":34,"column":1}},"loc":{"start":{"line":3,"column":7},"end":{"line":34,"column":1}},"line":3},"1":{"name":"handler","decl":{"start":{"line":19,"column":64},"end":{"line":23,"column":7}},"loc":{"start":{"line":19,"column":64},"end":{"line":23,"column":7}},"line":19}},"f":{"0":3,"1":2}}
}
