{"/Users/jmpineiro/workspace/dev/leman/clearq/packages/ui/src/atoms/popup/popup.utils.ts": {"path":"/Users/jmpineiro/workspace/dev/leman/clearq/packages/ui/src/atoms/popup/popup.utils.ts","all":false,"statementMap":{"0":{"start":{"line":1,"column":0},"end":{"line":1,"column":73}},"1":{"start":{"line":2,"column":0},"end":{"line":2,"column":0}},"2":{"start":{"line":3,"column":0},"end":{"line":3,"column":33}},"3":{"start":{"line":4,"column":0},"end":{"line":4,"column":33}},"4":{"start":{"line":5,"column":0},"end":{"line":5,"column":33}},"5":{"start":{"line":6,"column":0},"end":{"line":6,"column":0}},"6":{"start":{"line":7,"column":0},"end":{"line":7,"column":51}},"7":{"start":{"line":8,"column":0},"end":{"line":8,"column":21}},"8":{"start":{"line":9,"column":0},"end":{"line":9,"column":22}},"9":{"start":{"line":10,"column":0},"end":{"line":10,"column":19}},"10":{"start":{"line":11,"column":0},"end":{"line":11,"column":25}},"11":{"start":{"line":12,"column":0},"end":{"line":12,"column":27}},"12":{"start":{"line":13,"column":0},"end":{"line":13,"column":17}},"13":{"start":{"line":14,"column":0},"end":{"line":14,"column":17}},"14":{"start":{"line":15,"column":0},"end":{"line":15,"column":1}},"15":{"start":{"line":16,"column":0},"end":{"line":16,"column":0}},"16":{"start":{"line":17,"column":0},"end":{"line":17,"column":40}},"17":{"start":{"line":18,"column":0},"end":{"line":18,"column":13}},"18":{"start":{"line":19,"column":0},"end":{"line":19,"column":14}},"19":{"start":{"line":20,"column":0},"end":{"line":20,"column":8}},"20":{"start":{"line":21,"column":0},"end":{"line":21,"column":11}},"21":{"start":{"line":22,"column":0},"end":{"line":22,"column":12}},"22":{"start":{"line":23,"column":0},"end":{"line":23,"column":10}},"23":{"start":{"line":24,"column":0},"end":{"line":24,"column":10}},"24":{"start":{"line":25,"column":0},"end":{"line":25,"column":39}},"25":{"start":{"line":26,"column":0},"end":{"line":26,"column":11}},"26":{"start":{"line":27,"column":0},"end":{"line":27,"column":11}},"27":{"start":{"line":28,"column":0},"end":{"line":28,"column":15}},"28":{"start":{"line":29,"column":0},"end":{"line":29,"column":16}},"29":{"start":{"line":30,"column":0},"end":{"line":30,"column":6}},"30":{"start":{"line":31,"column":0},"end":{"line":31,"column":29}},"31":{"start":{"line":32,"column":0},"end":{"line":32,"column":20}},"32":{"start":{"line":33,"column":0},"end":{"line":33,"column":15}},"33":{"start":{"line":34,"column":0},"end":{"line":34,"column":29}},"34":{"start":{"line":35,"column":0},"end":{"line":35,"column":15}},"35":{"start":{"line":36,"column":0},"end":{"line":36,"column":29}},"36":{"start":{"line":37,"column":0},"end":{"line":37,"column":15}},"37":{"start":{"line":38,"column":0},"end":{"line":38,"column":29}},"38":{"start":{"line":39,"column":0},"end":{"line":39,"column":20}},"39":{"start":{"line":40,"column":0},"end":{"line":40,"column":58}},"40":{"start":{"line":41,"column":0},"end":{"line":41,"column":33}},"41":{"start":{"line":42,"column":0},"end":{"line":42,"column":9}},"42":{"start":{"line":43,"column":0},"end":{"line":43,"column":32}},"43":{"start":{"line":44,"column":0},"end":{"line":44,"column":21}},"44":{"start":{"line":45,"column":0},"end":{"line":45,"column":14}},"45":{"start":{"line":46,"column":0},"end":{"line":46,"column":32}},"46":{"start":{"line":47,"column":0},"end":{"line":47,"column":5}},"47":{"start":{"line":48,"column":0},"end":{"line":48,"column":6}},"48":{"start":{"line":49,"column":0},"end":{"line":49,"column":30}},"49":{"start":{"line":50,"column":0},"end":{"line":50,"column":20}},"50":{"start":{"line":51,"column":0},"end":{"line":51,"column":20}},"51":{"start":{"line":52,"column":0},"end":{"line":52,"column":58}},"52":{"start":{"line":53,"column":0},"end":{"line":53,"column":34}},"53":{"start":{"line":54,"column":0},"end":{"line":54,"column":9}},"54":{"start":{"line":55,"column":0},"end":{"line":55,"column":33}},"55":{"start":{"line":56,"column":0},"end":{"line":56,"column":21}},"56":{"start":{"line":57,"column":0},"end":{"line":57,"column":14}},"57":{"start":{"line":58,"column":0},"end":{"line":58,"column":33}},"58":{"start":{"line":59,"column":0},"end":{"line":59,"column":5}},"59":{"start":{"line":60,"column":0},"end":{"line":60,"column":6}},"60":{"start":{"line":61,"column":0},"end":{"line":61,"column":25}},"61":{"start":{"line":62,"column":0},"end":{"line":62,"column":23}},"62":{"start":{"line":63,"column":0},"end":{"line":63,"column":18}},"63":{"start":{"line":64,"column":0},"end":{"line":64,"column":60}},"64":{"start":{"line":65,"column":0},"end":{"line":65,"column":19}},"65":{"start":{"line":66,"column":0},"end":{"line":66,"column":59}},"66":{"start":{"line":67,"column":0},"end":{"line":67,"column":17}},"67":{"start":{"line":68,"column":0},"end":{"line":68,"column":20}},"68":{"start":{"line":69,"column":0},"end":{"line":69,"column":14}},"69":{"start":{"line":70,"column":0},"end":{"line":70,"column":28}},"70":{"start":{"line":71,"column":0},"end":{"line":71,"column":24}},"71":{"start":{"line":72,"column":0},"end":{"line":72,"column":84}},"72":{"start":{"line":73,"column":0},"end":{"line":73,"column":21}},"73":{"start":{"line":74,"column":0},"end":{"line":74,"column":76}},"74":{"start":{"line":75,"column":0},"end":{"line":75,"column":23}},"75":{"start":{"line":76,"column":0},"end":{"line":76,"column":18}},"76":{"start":{"line":77,"column":0},"end":{"line":77,"column":44}},"77":{"start":{"line":78,"column":0},"end":{"line":78,"column":9}},"78":{"start":{"line":79,"column":0},"end":{"line":79,"column":5}},"79":{"start":{"line":80,"column":0},"end":{"line":80,"column":6}},"80":{"start":{"line":81,"column":0},"end":{"line":81,"column":0}},"81":{"start":{"line":82,"column":0},"end":{"line":82,"column":25}},"82":{"start":{"line":83,"column":0},"end":{"line":83,"column":23}},"83":{"start":{"line":84,"column":0},"end":{"line":84,"column":17}},"84":{"start":{"line":85,"column":0},"end":{"line":85,"column":60}},"85":{"start":{"line":86,"column":0},"end":{"line":86,"column":20}},"86":{"start":{"line":87,"column":0},"end":{"line":87,"column":59}},"87":{"start":{"line":88,"column":0},"end":{"line":88,"column":18}},"88":{"start":{"line":89,"column":0},"end":{"line":89,"column":19}},"89":{"start":{"line":90,"column":0},"end":{"line":90,"column":14}},"90":{"start":{"line":91,"column":0},"end":{"line":91,"column":28}},"91":{"start":{"line":92,"column":0},"end":{"line":92,"column":24}},"92":{"start":{"line":93,"column":0},"end":{"line":93,"column":92}},"93":{"start":{"line":94,"column":0},"end":{"line":94,"column":21}},"94":{"start":{"line":95,"column":0},"end":{"line":95,"column":84}},"95":{"start":{"line":96,"column":0},"end":{"line":96,"column":23}},"96":{"start":{"line":97,"column":0},"end":{"line":97,"column":18}},"97":{"start":{"line":98,"column":0},"end":{"line":98,"column":43}},"98":{"start":{"line":99,"column":0},"end":{"line":99,"column":9}},"99":{"start":{"line":100,"column":0},"end":{"line":100,"column":5}},"100":{"start":{"line":101,"column":0},"end":{"line":101,"column":6}},"101":{"start":{"line":102,"column":0},"end":{"line":102,"column":10}},"102":{"start":{"line":103,"column":0},"end":{"line":103,"column":14}},"103":{"start":{"line":104,"column":0},"end":{"line":104,"column":14}},"104":{"start":{"line":105,"column":0},"end":{"line":105,"column":22}},"105":{"start":{"line":106,"column":0},"end":{"line":106,"column":24}},"106":{"start":{"line":107,"column":0},"end":{"line":107,"column":3}},"107":{"start":{"line":108,"column":0},"end":{"line":108,"column":1}}},"s":{"0":1,"1":1,"2":1,"3":1,"4":1,"5":1,"6":1,"7":1,"8":1,"9":1,"10":1,"11":1,"12":1,"13":1,"14":1,"15":1,"16":1,"17":19,"18":19,"19":19,"20":19,"21":19,"22":19,"23":19,"24":19,"25":19,"26":19,"27":19,"28":19,"29":19,"30":19,"31":19,"32":19,"33":1,"34":19,"35":1,"36":19,"37":1,"38":19,"39":3,"40":2,"41":2,"42":1,"43":19,"44":19,"45":13,"46":19,"47":19,"48":19,"49":19,"50":19,"51":3,"52":1,"53":1,"54":2,"55":19,"56":19,"57":16,"58":19,"59":19,"60":19,"61":19,"62":19,"63":4,"64":19,"65":3,"66":19,"67":19,"68":19,"69":12,"70":12,"71":2,"72":12,"73":2,"74":12,"75":12,"76":8,"77":12,"78":19,"79":19,"80":19,"81":19,"82":19,"83":19,"84":4,"85":19,"86":8,"87":19,"88":19,"89":19,"90":7,"91":7,"92":2,"93":7,"94":2,"95":7,"96":7,"97":3,"98":7,"99":19,"100":19,"101":19,"102":19,"103":19,"104":19,"105":19,"106":19,"107":19},"branchMap":{"0":{"type":"branch","line":17,"loc":{"start":{"line":17,"column":38},"end":{"line":108,"column":1}},"locations":[{"start":{"line":17,"column":38},"end":{"line":108,"column":1}}]},"1":{"type":"branch","line":31,"loc":{"start":{"line":31,"column":22},"end":{"line":48,"column":5}},"locations":[{"start":{"line":31,"column":22},"end":{"line":48,"column":5}}]},"2":{"type":"branch","line":33,"loc":{"start":{"line":33,"column":6},"end":{"line":34,"column":29}},"locations":[{"start":{"line":33,"column":6},"end":{"line":34,"column":29}}]},"3":{"type":"branch","line":35,"loc":{"start":{"line":35,"column":6},"end":{"line":36,"column":29}},"locations":[{"start":{"line":35,"column":6},"end":{"line":36,"column":29}}]},"4":{"type":"branch","line":37,"loc":{"start":{"line":37,"column":6},"end":{"line":38,"column":29}},"locations":[{"start":{"line":37,"column":6},"end":{"line":38,"column":29}}]},"5":{"type":"branch","line":39,"loc":{"start":{"line":39,"column":6},"end":{"line":43,"column":32}},"locations":[{"start":{"line":39,"column":6},"end":{"line":43,"column":32}}]},"6":{"type":"branch","line":40,"loc":{"start":{"line":40,"column":25},"end":{"line":40,"column":57}},"locations":[{"start":{"line":40,"column":25},"end":{"line":40,"column":57}}]},"7":{"type":"branch","line":40,"loc":{"start":{"line":40,"column":57},"end":{"line":42,"column":9}},"locations":[{"start":{"line":40,"column":57},"end":{"line":42,"column":9}}]},"8":{"type":"branch","line":42,"loc":{"start":{"line":42,"column":8},"end":{"line":43,"column":32}},"locations":[{"start":{"line":42,"column":8},"end":{"line":43,"column":32}}]},"9":{"type":"branch","line":44,"loc":{"start":{"line":44,"column":6},"end":{"line":44,"column":21}},"locations":[{"start":{"line":44,"column":6},"end":{"line":44,"column":21}}]},"10":{"type":"branch","line":45,"loc":{"start":{"line":45,"column":6},"end":{"line":46,"column":32}},"locations":[{"start":{"line":45,"column":6},"end":{"line":46,"column":32}}]},"11":{"type":"branch","line":49,"loc":{"start":{"line":49,"column":23},"end":{"line":60,"column":5}},"locations":[{"start":{"line":49,"column":23},"end":{"line":60,"column":5}}]},"12":{"type":"branch","line":51,"loc":{"start":{"line":51,"column":6},"end":{"line":55,"column":33}},"locations":[{"start":{"line":51,"column":6},"end":{"line":55,"column":33}}]},"13":{"type":"branch","line":52,"loc":{"start":{"line":52,"column":25},"end":{"line":52,"column":57}},"locations":[{"start":{"line":52,"column":25},"end":{"line":52,"column":57}}]},"14":{"type":"branch","line":52,"loc":{"start":{"line":52,"column":57},"end":{"line":54,"column":9}},"locations":[{"start":{"line":52,"column":57},"end":{"line":54,"column":9}}]},"15":{"type":"branch","line":54,"loc":{"start":{"line":54,"column":8},"end":{"line":55,"column":33}},"locations":[{"start":{"line":54,"column":8},"end":{"line":55,"column":33}}]},"16":{"type":"branch","line":56,"loc":{"start":{"line":56,"column":6},"end":{"line":56,"column":21}},"locations":[{"start":{"line":56,"column":6},"end":{"line":56,"column":21}}]},"17":{"type":"branch","line":57,"loc":{"start":{"line":57,"column":6},"end":{"line":58,"column":33}},"locations":[{"start":{"line":57,"column":6},"end":{"line":58,"column":33}}]},"18":{"type":"branch","line":61,"loc":{"start":{"line":61,"column":18},"end":{"line":80,"column":5}},"locations":[{"start":{"line":61,"column":18},"end":{"line":80,"column":5}}]},"19":{"type":"branch","line":63,"loc":{"start":{"line":63,"column":6},"end":{"line":64,"column":60}},"locations":[{"start":{"line":63,"column":6},"end":{"line":64,"column":60}}]},"20":{"type":"branch","line":65,"loc":{"start":{"line":65,"column":6},"end":{"line":66,"column":59}},"locations":[{"start":{"line":65,"column":6},"end":{"line":66,"column":59}}]},"21":{"type":"branch","line":67,"loc":{"start":{"line":67,"column":6},"end":{"line":67,"column":17}},"locations":[{"start":{"line":67,"column":6},"end":{"line":67,"column":17}}]},"22":{"type":"branch","line":68,"loc":{"start":{"line":68,"column":6},"end":{"line":68,"column":20}},"locations":[{"start":{"line":68,"column":6},"end":{"line":68,"column":20}}]},"23":{"type":"branch","line":69,"loc":{"start":{"line":69,"column":6},"end":{"line":78,"column":9}},"locations":[{"start":{"line":69,"column":6},"end":{"line":78,"column":9}}]},"24":{"type":"branch","line":71,"loc":{"start":{"line":71,"column":10},"end":{"line":72,"column":84}},"locations":[{"start":{"line":71,"column":10},"end":{"line":72,"column":84}}]},"25":{"type":"branch","line":73,"loc":{"start":{"line":73,"column":10},"end":{"line":74,"column":76}},"locations":[{"start":{"line":73,"column":10},"end":{"line":74,"column":76}}]},"26":{"type":"branch","line":75,"loc":{"start":{"line":75,"column":10},"end":{"line":75,"column":23}},"locations":[{"start":{"line":75,"column":10},"end":{"line":75,"column":23}}]},"27":{"type":"branch","line":76,"loc":{"start":{"line":76,"column":10},"end":{"line":77,"column":44}},"locations":[{"start":{"line":76,"column":10},"end":{"line":77,"column":44}}]},"28":{"type":"branch","line":82,"loc":{"start":{"line":82,"column":18},"end":{"line":101,"column":5}},"locations":[{"start":{"line":82,"column":18},"end":{"line":101,"column":5}}]},"29":{"type":"branch","line":84,"loc":{"start":{"line":84,"column":6},"end":{"line":85,"column":60}},"locations":[{"start":{"line":84,"column":6},"end":{"line":85,"column":60}}]},"30":{"type":"branch","line":86,"loc":{"start":{"line":86,"column":6},"end":{"line":87,"column":59}},"locations":[{"start":{"line":86,"column":6},"end":{"line":87,"column":59}}]},"31":{"type":"branch","line":88,"loc":{"start":{"line":88,"column":6},"end":{"line":88,"column":18}},"locations":[{"start":{"line":88,"column":6},"end":{"line":88,"column":18}}]},"32":{"type":"branch","line":89,"loc":{"start":{"line":89,"column":6},"end":{"line":89,"column":19}},"locations":[{"start":{"line":89,"column":6},"end":{"line":89,"column":19}}]},"33":{"type":"branch","line":90,"loc":{"start":{"line":90,"column":6},"end":{"line":99,"column":9}},"locations":[{"start":{"line":90,"column":6},"end":{"line":99,"column":9}}]},"34":{"type":"branch","line":92,"loc":{"start":{"line":92,"column":10},"end":{"line":93,"column":92}},"locations":[{"start":{"line":92,"column":10},"end":{"line":93,"column":92}}]},"35":{"type":"branch","line":94,"loc":{"start":{"line":94,"column":10},"end":{"line":95,"column":84}},"locations":[{"start":{"line":94,"column":10},"end":{"line":95,"column":84}}]},"36":{"type":"branch","line":96,"loc":{"start":{"line":96,"column":10},"end":{"line":96,"column":23}},"locations":[{"start":{"line":96,"column":10},"end":{"line":96,"column":23}}]},"37":{"type":"branch","line":97,"loc":{"start":{"line":97,"column":10},"end":{"line":98,"column":43}},"locations":[{"start":{"line":97,"column":10},"end":{"line":98,"column":43}}]}},"b":{"0":[19],"1":[19],"2":[1],"3":[1],"4":[1],"5":[3],"6":[2],"7":[2],"8":[1],"9":[13],"10":[13],"11":[19],"12":[3],"13":[2],"14":[1],"15":[2],"16":[13],"17":[16],"18":[19],"19":[4],"20":[3],"21":[4],"22":[12],"23":[12],"24":[2],"25":[2],"26":[8],"27":[8],"28":[19],"29":[4],"30":[8],"31":[4],"32":[7],"33":[7],"34":[2],"35":[2],"36":[3],"37":[3]},"fnMap":{"0":{"name":"calcutatePopupPosition","decl":{"start":{"line":17,"column":38},"end":{"line":108,"column":1}},"loc":{"start":{"line":17,"column":38},"end":{"line":108,"column":1}},"line":17}},"f":{"0":19}}
}
